

ÄÚ²¿´íÎó:  !dbplotset.cpp@427: eInvalidKey

04/16/2012 at 15:56:06.625  Í¼ĞÎ: Drawing1.dwg
-------------


ÄÚ²¿´íÎó:  !dbplotset.cpp@427: eInvalidKey

04/16/2012 at 15:56:49.234  Í¼ĞÎ: Drawing1.dwg
-------------


ÖÂÃü´íÎó:  Unhandled Access Violation Reading 0xa5b0624e Exception at a5b0624eh

04/16/2012 at 21:54:22.515  Í¼ĞÎ: 
-------------


ÖÂÃü´íÎó:  Unhandled Access Violation Reading 0x008d Exception at 70006bh

04/16/2012 at 22:03:46.953  Í¼ĞÎ: 
-------------


ÄÚ²¿´íÎó:  !dbplotset.cpp@427: eInvalidKey

04/17/2012 at 15:07:14.187  Í¼ĞÎ: Drawing1.dwg
-------------


ÖÂÃü´íÎó:  Unhandled Access Violation Reading 0x65746176 Exception at 65746176h

04/17/2012 at 15:13:09.015  Í¼ĞÎ: 
-------------


ÖÂÃü´íÎó:  Unhandled Access Violation Reading 0x6906241 Exception at 6906241h

04/17/2012 at 15:14:28.453  Í¼ĞÎ: 
-------------


FATAL ERROR: Unhandled Access Violation Reading 0x008d Exception at 70006bh

04/17/2012 at 15:35:44.656 drawing: 
-------------


FATAL ERROR: Unhandled Access Violation Reading 0x008d Exception at 70006bh

04/17/2012 at 15:36:16.265 drawing: 
-------------


FATAL ERROR: Unhandled Access Violation Reading 0x74784574 Exception at 74784574h

04/17/2012 at 15:38:59.953 drawing: 
-------------


ÄÚ²¿´íÎó:  !dbobji.cpp@6769: eNotOpenForWrite

04/17/2012 at 15:48:30.953  Í¼ĞÎ: Drawing1.dwg
-------------


ÄÚ²¿´íÎó:  !dbobji.cpp@6769: eNotOpenForWrite

04/17/2012 at 15:49:11.078  Í¼ĞÎ: Drawing1.dwg
-------------


ÖÂÃü´íÎó:  Unhandled Access Violation Reading 0x008d Exception at 70006bh

04/17/2012 at 16:04:09.718  Í¼ĞÎ: 
-------------


FATAL ERROR: Unhandled Access Violation Reading 0x008d Exception at 70006bh

04/17/2012 at 16:05:30.765 drawing: 
-------------


FATAL ERROR: Unhandled Access Violation Reading 0xa990620b Exception at a990620bh

04/17/2012 at 16:07:30.312 drawing: 
-------------


FATAL ERROR: Unhandled Access Violation Reading 0x008d Exception at 70006bh

04/17/2012 at 16:10:51.500 drawing: 
-------------


FATAL ERROR: Unhandled Access Violation Reading 0x6906241 Exception at 6906241h

04/17/2012 at 16:13:22.296 drawing: 
-------------


FATAL ERROR: Unhandled Access Violation Reading 0x6906241 Exception at 6906241h

04/17/2012 at 16:14:39.937 drawing: 
-------------


FATAL ERROR: Unhandled Access Violation Reading 0xa6d06212 Exception at a6d06212h

04/17/2012 at 16:29:11.656 drawing: 
-------------


ÖÂÃü´íÎó:  Unhandled Access Violation Reading 0x008d Exception at 70006bh

04/17/2012 at 16:32:36.484  Í¼ĞÎ: 
-------------


ÖÂÃü´íÎó:  Unhandled Access Violation Reading 0x008d Exception at 70006bh

04/17/2012 at 16:46:23.234  Í¼ĞÎ: 
-------------


FATAL ERROR: Unhandled Access Violation Reading 0x0a57 Exception at 6229311ah

04/17/2012 at 16:49:05.984 drawing: 
-------------


ÖÂÃü´íÎó:  Unhandled Access Violation Reading 0x008d Exception at 70006bh

04/17/2012 at 16:55:12.031  Í¼ĞÎ: 
-------------


FATAL ERROR: Unhandled Access Violation Reading 0x6906241 Exception at 6906241h

04/17/2012 at 16:58:43.140 drawing: 
-------------


FATAL ERROR: Unhandled Access Violation Reading 0x6906241 Exception at 6906241h

04/17/2012 at 16:59:32.640 drawing: 
-------------


FATAL ERROR: Unhandled Access Violation Reading 0x008d Exception at 70006bh

04/17/2012 at 17:01:13.125 drawing: 
-------------


ÖÂÃü´íÎó:  Unhandled e0434f4dh Exception at 7c812afbh

04/17/2012 at 17:16:35.781  Í¼ĞÎ: Drawing1.dwg
-------------


ÖÂÃü´íÎó:  Unhandled e0434f4dh Exception at 7c812afbh

04/17/2012 at 17:20:39.203  Í¼ĞÎ: Drawing1.dwg
-------------


ÖÂÃü´íÎó:  Unhandled e0434f4dh Exception at 7c812afbh

04/17/2012 at 17:22:56.359  Í¼ĞÎ: Drawing1.dwg
-------------


ÖÂÃü´íÎó:  Unhandled e0434f4dh Exception at 7c812afbh

04/17/2012 at 17:35:21.437  Í¼ĞÎ: Drawing1.dwg
-------------


FATAL ERROR: Unhandled Access Violation Reading 0x008d Exception at 70006bh

04/17/2012 at 17:44:51.203 drawing: 
-------------


FATAL ERROR: Unhandled Access Violation Reading 0x6906241 Exception at 6906241h

04/17/2012 at 17:48:49.203 drawing: 
-------------


FATAL ERROR: Unhandled Access Violation Reading 0x008d Exception at 70006bh

04/17/2012 at 17:49:29.359 drawing: 
-------------


ÖÂÃü´íÎó:  Unhandled e0434f4dh Exception at 7c812afbh

04/17/2012 at 17:52:37.468  Í¼ĞÎ: Drawing1.dwg
-------------


FATAL ERROR: Unhandled Access Violation Reading 0x008d Exception at 70006bh

04/17/2012 at 17:54:20.796 drawing: 
-------------


ÖÂÃü´íÎó:  Unhandled e0434f4dh Exception at 7c812afbh

04/17/2012 at 17:57:16.703  Í¼ĞÎ: Drawing1.dwg
-------------


ÖÂÃü´íÎó:  Unhandled e0434f4dh Exception at 7c812afbh

04/17/2012 at 19:08:03.625  Í¼ĞÎ: Drawing1.dwg
-------------


FATAL ERROR: Unhandled Access Violation Reading 0x80814738 Exception at 6906250h

04/17/2012 at 19:11:57.203 drawing: 
-------------


FATAL ERROR: Unhandled Access Violation Reading 0x0a57 Exception at 6229311ah

04/17/2012 at 19:32:27.937 drawing: 
-------------


ÖÂÃü´íÎó:  Unhandled Access Violation Reading 0x008d Exception at 70006bh

04/17/2012 at 19:34:25.421  Í¼ĞÎ: 
-------------


ÖÂÃü´íÎó:  Unhandled Access Violation Reading 0x008d Exception at 70006bh

04/17/2012 at 19:45:01.484  Í¼ĞÎ: 
-------------


ÖÂÃü´íÎó:  Unhandled Access Violation Reading 0x6906241 Exception at 6906241h

04/17/2012 at 19:56:47.359  Í¼ĞÎ: 
-------------


FATAL ERROR: Unhandled Access Violation Reading 0x008d Exception at 70006bh

04/17/2012 at 19:58:53.953 drawing: 
-------------


ÖÂÃü´íÎó:  Unhandled e0434f4dh Exception at 7c812afbh

04/17/2012 at 20:00:26.046  Í¼ĞÎ: Drawing1.dwg
-------------


FATAL ERROR: Unhandled Access Violation Reading 0x008d Exception at 70006bh

04/17/2012 at 20:03:40.000 drawing: 
-------------


FATAL ERROR: Unhandled Access Violation Reading 0xa990620b Exception at a990620bh

04/17/2012 at 20:05:28.906 drawing: 
-------------


ÖÂÃü´íÎó:  Unhandled Access Violation Reading 0x008d Exception at 70006bh

04/17/2012 at 20:19:58.390  Í¼ĞÎ: 
-------------


FATAL ERROR: Unhandled Access Violation Reading 0x008d Exception at 70006bh

04/17/2012 at 20:23:07.750 drawing: 
-------------


FATAL ERROR: Unhandled Access Violation Reading 0x6906241 Exception at 6906241h

04/17/2012 at 20:28:15.468 drawing: 
-------------


ÖÂÃü´íÎó:  Unhandled Access Violation Reading 0x6906241 Exception at 6906241h

04/17/2012 at 20:33:35.500  Í¼ĞÎ: 
-------------


ÖÂÃü´íÎó:  Unhandled e0434f4dh Exception at 7c812afbh

04/17/2012 at 21:05:31.546  Í¼ĞÎ: Drawing1.dwg
-------------


ÖÂÃü´íÎó:  Unhandled e0434f4dh Exception at 7c812afbh

04/17/2012 at 21:13:23.234  Í¼ĞÎ: Drawing1.dwg
-------------


ÖÂÃü´íÎó:  Unhandled Access Violation Reading 0xa990620b Exception at a990620bh

04/17/2012 at 21:24:30.078  Í¼ĞÎ: 
-------------


ÖÂÃü´íÎó:  Unhandled e0434f4dh Exception at 7c812afbh

04/17/2012 at 21:41:53.984  Í¼ĞÎ: Drawing1.dwg
-------------


ÖÂÃü´íÎó:  Unhandled e0434f4dh Exception at 7c812afbh

04/17/2012 at 21:45:38.234  Í¼ĞÎ: Drawing1.dwg
-------------


FATAL ERROR: Unhandled Access Violation Reading 0xb8806220 Exception at b8806220h

04/17/2012 at 21:51:17.281 drawing: 
-------------


FATAL ERROR: Unhandled Access Violation Reading 0x6906241 Exception at 6906241h

04/17/2012 at 22:01:48.671 drawing: 
-------------


FATAL ERROR: Unhandled Access Violation Reading 0x008d Exception at 70006bh

04/17/2012 at 22:02:47.140 drawing: 
-------------


ÖÂÃü´íÎó:  Unhandled e0434f4dh Exception at 7c812afbh

04/17/2012 at 22:15:47.546  Í¼ĞÎ: 
-------------


FATAL ERROR: Unhandled c000001dh Exception at 5c003ch

04/18/2012 at 19:41:32.937 drawing: 
-------------


FATAL ERROR: Unhandled Access Violation Reading 0x65746176 Exception at 65746176h

04/18/2012 at 19:42:16.812 drawing: 
-------------


ÖÂÃü´íÎó:  Unhandled Access Violation Reading 0xa990620b Exception at a990620bh

04/18/2012 at 19:54:02.500  Í¼ĞÎ: 
-------------


FATAL ERROR: Unhandled Access Violation Reading 0x6906241 Exception at 6906241h

04/18/2012 at 19:55:23.265 drawing: 
-------------


FATAL ERROR: Unhandled Access Violation Reading 0xa990620b Exception at a990620bh

04/18/2012 at 20:17:11.171 drawing: 
-------------


FATAL ERROR: Unhandled Access Violation Reading 0xa990620b Exception at a990620bh

04/18/2012 at 20:21:35.046 drawing: 
-------------


FATAL ERROR: Unhandled Access Violation Reading 0x6906241 Exception at 6906241h

04/18/2012 at 20:39:07.828 drawing: 
-------------


FATAL ERROR: Unhandled Access Violation Reading 0x6906241 Exception at 6906241h

04/18/2012 at 20:52:20.281 drawing: 
-------------


FATAL ERROR: Unhandled Access Violation Reading 0xffffffff Exception at 434465h

04/18/2012 at 20:56:26.578 drawing: 
-------------


ÖÂÃü´íÎó:  Unhandled Access Violation Reading 0x008d Exception at 70006bh

04/18/2012 at 21:03:10.500  Í¼ĞÎ: 
-------------


ÖÂÃü´íÎó:  Unhandled Access Violation Reading 0xa990620b Exception at a990620bh

04/19/2012 at 01:08:40.671  Í¼ĞÎ: 
-------------


FATAL ERROR: Unhandled Access Violation Reading 0x008d Exception at 70006bh

04/19/2012 at 09:20:24.510 drawing: 
-------------


FATAL ERROR: Unhandled Access Violation Reading 0x22c0000 Exception at 22c0000h

04/19/2012 at 09:45:56.143 drawing: 
-------------


ÖÂÃü´íÎó:  Unhandled e0434f4dh Exception at 7c812afbh

04/19/2012 at 09:52:58.479  Í¼ĞÎ: Drawing1.dwg
-------------


FATAL ERROR: Unhandled Access Violation Reading 0x6906241 Exception at 6906241h

04/19/2012 at 10:01:40.097 drawing: 
-------------


ÄÚ²¿´íÎó:  !dbobji.cpp@6769: eNotOpenForWrite

04/19/2012 at 10:07:14.523  Í¼ĞÎ: Drawing1.dwg
-------------


FATAL ERROR: Unhandled Access Violation Reading 0x008d Exception at 70006bh

04/19/2012 at 10:17:30.484 drawing: 
-------------


ÖÂÃü´íÎó:  Unhandled e0434f4dh Exception at 7c812afbh

04/19/2012 at 10:31:02.088  Í¼ĞÎ: Drawing1.dwg
-------------


FATAL ERROR: Unhandled Access Violation Reading 0x0a57 Exception at 6229311ah

04/19/2012 at 10:52:51.744 drawing: 
-------------


FATAL ERROR: Unhandled Access Violation Reading 0xa990620b Exception at a990620bh

04/19/2012 at 11:37:54.199 drawing: 
-------------


ÖÂÃü´íÎó:  Unhandled Access Violation Reading 0x0008 Exception at bb9bd58h

04/19/2012 at 11:55:35.424  Í¼ĞÎ: Drawing1.dwg
-------------


ÖÂÃü´íÎó:  Unhandled Access Violation Reading 0x0008 Exception at bb9bd58h

04/19/2012 at 11:56:15.471  Í¼ĞÎ: Drawing1.dwg
-------------


ÄÚ²¿´íÎó:  !dbobji.cpp@6769: eNotOpenForWrite

04/19/2012 at 13:53:38.619  Í¼ĞÎ: Drawing1.dwg
-------------


ÖÂÃü´íÎó:  Unhandled Access Violation Reading 0x0000 Exception at efcba1ah

04/20/2012 at 16:30:47.734  Í¼ĞÎ: Drawing1.dwg
-------------


ÖÂÃü´íÎó:  Unhandled Access Violation Reading 0x0000 Exception at f8cbdf2h

04/20/2012 at 16:31:56.843  Í¼ĞÎ: Drawing1.dwg
-------------


ÖÂÃü´íÎó:  Unhandled e06d7363h Exception at 7c812afbh

04/23/2012 at 14:46:07.125  Í¼ĞÎ: Drawing1.dwg
-------------


ÖÂÃü´íÎó:  Unhandled e0434f4dh Exception at 7c812afbh

04/23/2012 at 16:19:22.968  Í¼ĞÎ: Drawing1.dwg
-------------


ÖÂÃü´íÎó:  Unhandled e0434f4dh Exception at 7c812afbh

04/23/2012 at 16:20:11.250  Í¼ĞÎ: Drawing1.dwg
-------------


ÖÂÃü´íÎó:  Unhandled e06d7363h Exception at 7c812afbh

04/23/2012 at 17:07:38.062  Í¼ĞÎ: 
-------------


ÖÂÃü´íÎó:  Unhandled e0434f4dh Exception at 7c812afbh

04/23/2012 at 17:14:21.203  Í¼ĞÎ: Drawing1.dwg
-------------


ÖÂÃü´íÎó:  Unhandled e0434f4dh Exception at 7c812afbh

04/23/2012 at 17:27:12.875  Í¼ĞÎ: Drawing1.dwg
-------------


ÖÂÃü´íÎó:  Unhandled e0434f4dh Exception at 7c812afbh

04/23/2012 at 17:29:40.156  Í¼ĞÎ: Drawing1.dwg
-------------


ÖÂÃü´íÎó:  Unhandled e0434f4dh Exception at 7c812afbh

04/23/2012 at 17:49:28.984  Í¼ĞÎ: Drawing1.dwg
-------------


ÖÂÃü´íÎó:  Unhandled e0434f4dh Exception at 7c812afbh

04/23/2012 at 17:50:11.171  Í¼ĞÎ: Drawing1.dwg
-------------


ÖÂÃü´íÎó:  Unhandled e0434f4dh Exception at 7c812afbh

04/23/2012 at 19:29:08.578  Í¼ĞÎ: Drawing1.dwg
-------------


ÖÂÃü´íÎó:  Unhandled e0434f4dh Exception at 7c812afbh

04/23/2012 at 19:36:55.703  Í¼ĞÎ: Drawing1.dwg
-------------


ÖÂÃü´íÎó:  Unhandled e0434f4dh Exception at 7c812afbh

04/23/2012 at 19:43:57.281  Í¼ĞÎ: Drawing1.dwg
-------------
