

内部错误:  !dbspace.cpp@1674: eAlreadyInDb

11/19/2011 at 01:27:44.437  图形: E:\Documents and Settings\Administrator\桌面\db_samp.dwg
-------------


内部错误:  !dbspace.cpp@1674: eAlreadyInDb

11/19/2011 at 01:32:53.812  图形: E:\Documents and Settings\Administrator\桌面\db_samp.dwg
-------------


内部错误:  !dbobji.cpp@6769: eNotOpenForWrite

11/19/2011 at 08:16:58.468  图形: E:\Documents and Settings\Administrator\桌面\db_samp.dwg
-------------


内部错误:  !dbobji.cpp@6769: eNotOpenForWrite

11/19/2011 at 08:17:48.281  图形: E:\Documents and Settings\Administrator\桌面\db_samp.dwg
-------------


内部错误:  !dbobji.cpp@6769: eNotOpenForWrite

11/19/2011 at 08:18:59.156  图形: E:\Documents and Settings\Administrator\桌面\db_samp.dwg
-------------


内部错误:  !dbobji.cpp@6769: eNotOpenForWrite

11/19/2011 at 08:20:49.031  图形: E:\Documents and Settings\Administrator\桌面\db_samp.dwg
-------------


内部错误:  !dbobji.cpp@6769: eNotOpenForWrite

11/19/2011 at 08:42:57.328  图形: E:\Documents and Settings\Administrator\桌面\db_samp.dwg
-------------


内部错误:  !dbspace.cpp@1674: eAlreadyInDb

11/19/2011 at 16:42:40.015  图形: E:\Program Files\AutoCAD 2008\Sample\Blocks and Tables - Metric.dwg
-------------


内部错误:  !dbspace.cpp@1674: eAlreadyInDb

11/19/2011 at 17:24:49.656  图形: E:\Program Files\AutoCAD 2008\Sample\db_samp.dwg
-------------


内部错误:  !dbspace.cpp@1674: eAlreadyInDb

11/19/2011 at 17:30:36.953  图形: E:\Program Files\AutoCAD 2008\Sample\db_samp.dwg
-------------


内部错误:  !dbspace.cpp@1674: eAlreadyInDb

11/19/2011 at 21:06:24.031  图形: E:\Documents and Settings\Administrator\桌面\db_samp.dwg
-------------


内部错误:  !dbspace.cpp@1674: eAlreadyInDb

11/19/2011 at 21:08:02.765  图形: E:\Documents and Settings\Administrator\桌面\db_samp.dwg
-------------


内部错误:  !dbobji.cpp@7319: eNotOpenForWrite

11/20/2011 at 11:06:04.312  图形: E:\Documents and Settings\Administrator\桌面\db_samp.dwg
-------------


内部错误:  !dbobji.cpp@7319: eNotOpenForWrite

11/20/2011 at 11:08:49.109  图形: E:\Documents and Settings\Administrator\桌面\db_samp.dwg
-------------


内部错误:  !dbobji.cpp@7319: eNotOpenForWrite

11/20/2011 at 11:25:48.609  图形: Drawing1.dwg
-------------
