

内部错误:  !dbobji.cpp@6769: eNotOpenForWrite

01/08/2012 at 14:56:01.453  图形: Drawing1.dwg
-------------


内部错误:  !dbobji.cpp@6769: eNotOpenForWrite

01/08/2012 at 14:56:33.125  图形: Drawing1.dwg
-------------


内部错误:  !dbobji.cpp@6769: eNotOpenForWrite

01/08/2012 at 14:57:12.046  图形: Drawing1.dwg
-------------


内部错误:  !dbsymtbi.h@3722

01/08/2012 at 15:47:37.390  图形: Drawing1.dwg
-------------


内部错误:  !dbsymtbi.h@3722

01/08/2012 at 15:48:33.609  图形: Drawing1.dwg
-------------


内部错误:  !dbsymtbi.h@3722

01/08/2012 at 15:54:41.062  图形: Drawing1.dwg
-------------


内部错误:  !dbsymtbi.h@3722

01/08/2012 at 15:55:32.671  图形: Drawing1.dwg
-------------


内部错误:  !dbsymtbi.h@3722

01/08/2012 at 15:56:51.734  图形: Drawing1.dwg
-------------


内部错误:  !dbsymtbi.h@3722

01/08/2012 at 15:58:32.890  图形: Drawing1.dwg
-------------


内部错误:  !dbsymlt.cpp@823

01/08/2012 at 17:07:40.937  图形: Drawing1.dwg
-------------
