

ÖÂÃü´íÎó:  Unhandled Access Violation Reading 0x0000 Exception at 1da1f13ch

11/26/2011 at 19:58:19.453  Í¼ĞÎ: Drawing1.dwg
-------------


ÖÂÃü´íÎó:  Unhandled Access Violation Reading 0x0008 Exception at 10d5072ah

11/26/2011 at 20:09:14.906  Í¼ĞÎ: Drawing1.dwg
-------------


ÖÂÃü´íÎó:  Unhandled Access Violation Reading 0x0008 Exception at 10d5072ah

11/26/2011 at 21:53:54.921  Í¼ĞÎ: Drawing1.dwg
-------------


ÖÂÃü´íÎó:  Unhandled Access Violation Reading 0x0008 Exception at 10d5072ah

11/26/2011 at 21:59:12.687  Í¼ĞÎ: Drawing1.dwg
-------------


ÖÂÃü´íÎó:  Unhandled Access Violation Reading 0x0008 Exception at 10d5072ah

11/26/2011 at 22:02:44.875  Í¼ĞÎ: Drawing1.dwg
-------------


ÖÂÃü´íÎó:  Unhandled Access Violation Reading 0x0008 Exception at 10d5072ah

11/26/2011 at 22:04:36.671  Í¼ĞÎ: Drawing1.dwg
-------------


ÖÂÃü´íÎó:  Unhandled Access Violation Reading 0x0008 Exception at 10d5072ah

11/26/2011 at 22:10:17.703  Í¼ĞÎ: Drawing1.dwg
-------------


ÖÂÃü´íÎó:  Unhandled Access Violation Reading 0x0008 Exception at 10d5072ah

11/26/2011 at 22:23:24.578  Í¼ĞÎ: Drawing1.dwg
-------------


ÖÂÃü´íÎó:  Unhandled Access Violation Reading 0x0008 Exception at 10d5072ah

11/26/2011 at 22:25:14.078  Í¼ĞÎ: Drawing1.dwg
-------------


ÖÂÃü´íÎó:  Unhandled Access Violation Reading 0x0008 Exception at 10d5072ah

11/26/2011 at 22:28:17.812  Í¼ĞÎ: Drawing1.dwg
-------------


ÖÂÃü´íÎó:  Unhandled Access Violation Reading 0x0008 Exception at 10d5072ah

11/26/2011 at 22:29:29.000  Í¼ĞÎ: Drawing1.dwg
-------------


ÖÂÃü´íÎó:  Unhandled Access Violation Reading 0x0008 Exception at 10d5072ah

11/26/2011 at 22:40:03.812  Í¼ĞÎ: Drawing1.dwg
-------------


FATAL ERROR: Unhandled c000000dh Exception at 76fefd85h

08/05/2013 at 15:28:11.153 drawing: 
-------------


FATAL ERROR: Unhandled c000000dh Exception at 76f4fd85h

08/06/2013 at 09:06:09.257 drawing: 
-------------
